<?xml version="1.0" encoding="utf-8" standalone="no"?>
<!--This file represents the results of running a test suite-->
<test-results name="C:\Users\Kale\Documents\projects\MailboxProvider\bin\Release\MailboxBrowser.dll" total="1" errors="0" failures="0" not-run="0" inconclusive="0" ignored="0" skipped="0" invalid="0" date="2010-03-09" time="14:31:37">
  <environment nunit-version="2.5.3.9345" clr-version="2.0.50727.4927" os-version="Microsoft Windows NT 6.1.7600.0" platform="Win32NT" cwd="C:\Program Files\NUnit 2.5.3\bin\net-2.0" machine-name="DEV-03" user="kale" user-domain="CVE" />
  <culture-info current-culture="en-US" current-uiculture="en-US" />
  <test-suite name="C:\Users\Kale\Documents\projects\MailboxProvider\bin\Release\MailboxBrowser.dll" executed="True" success="True" time="0.062" asserts="0">
    <results>
      <test-suite name="MailboxProvider" executed="True" success="True" time="0.058" asserts="0">
        <results>
          <test-suite name="Tests" executed="True" success="True" time="0.057" asserts="0">
            <results>
              <test-suite name="MailboxProviderTest" executed="True" success="True" time="0.055" asserts="0">
                <results>
                  <test-case name="MailboxProvider.Tests.MailboxProviderTest.FetchTest" executed="True" success="True" time="0.050" asserts="2" />
                </results>
              </test-suite>
            </results>
          </test-suite>
        </results>
      </test-suite>
    </results>
  </test-suite>
</test-results>